<?xml version="1.0" encoding="UTF-8"?>
<coverage generated="1683109157753" clover="3.2.0">
  <project timestamp="1683109157753" name="All files">
    <metrics statements="73" coveredstatements="23" conditionals="28" coveredconditionals="4" methods="26" coveredmethods="6" elements="127" coveredelements="33" complexity="0" loc="73" ncloc="73" packages="1" files="4" classes="4"/>
    <file name="DoubleSearchBar.tsx" path="C:\Users\D. LORTIE--THIBAUT\Documents\Projets\Formation\searchbar-sncf\src\components\DoubleSearchBar.tsx">
      <metrics statements="41" coveredstatements="19" conditionals="18" coveredconditionals="4" methods="15" coveredmethods="4"/>
      <line num="12" count="1" type="stmt"/>
      <line num="13" count="8" type="stmt"/>
      <line num="14" count="8" type="stmt"/>
      <line num="16" count="8" type="cond" truecount="1" falsecount="1"/>
      <line num="17" count="8" type="cond" truecount="1" falsecount="1"/>
      <line num="18" count="8" type="stmt"/>
      <line num="19" count="8" type="stmt"/>
      <line num="20" count="8" type="stmt"/>
      <line num="22" count="8" type="stmt"/>
      <line num="23" count="8" type="stmt"/>
      <line num="24" count="8" type="stmt"/>
      <line num="27" count="8" type="stmt"/>
      <line num="28" count="0" type="stmt"/>
      <line num="29" count="0" type="stmt"/>
      <line num="30" count="0" type="stmt"/>
      <line num="31" count="0" type="stmt"/>
      <line num="32" count="0" type="stmt"/>
      <line num="35" count="8" type="stmt"/>
      <line num="36" count="0" type="stmt"/>
      <line num="38" count="8" type="stmt"/>
      <line num="39" count="0" type="stmt"/>
      <line num="40" count="0" type="stmt"/>
      <line num="44" count="8" type="stmt"/>
      <line num="45" count="8" type="stmt"/>
      <line num="46" count="0" type="stmt"/>
      <line num="50" count="8" type="stmt"/>
      <line num="55" count="0" type="stmt"/>
      <line num="56" count="0" type="stmt"/>
      <line num="57" count="0" type="cond" truecount="0" falsecount="2"/>
      <line num="58" count="0" type="stmt"/>
      <line num="59" count="0" type="cond" truecount="0" falsecount="2"/>
      <line num="60" count="0" type="cond" truecount="0" falsecount="2"/>
      <line num="61" count="0" type="stmt"/>
      <line num="63" count="0" type="cond" truecount="0" falsecount="2"/>
      <line num="66" count="8" type="stmt"/>
      <line num="77" count="0" type="cond" truecount="0" falsecount="2"/>
      <line num="79" count="0" type="stmt"/>
      <line num="82" count="0" type="stmt"/>
      <line num="89" count="0" type="cond" truecount="0" falsecount="2"/>
      <line num="90" count="0" type="stmt"/>
      <line num="94" count="8" type="stmt"/>
    </file>
    <file name="Input.tsx" path="C:\Users\D. LORTIE--THIBAUT\Documents\Projets\Formation\searchbar-sncf\src\components\Input.tsx">
      <metrics statements="2" coveredstatements="2" conditionals="0" coveredconditionals="0" methods="1" coveredmethods="1"/>
      <line num="16" count="1" type="stmt"/>
      <line num="28" count="16" type="stmt"/>
    </file>
    <file name="SingleSearchBar.tsx" path="C:\Users\D. LORTIE--THIBAUT\Documents\Projets\Formation\searchbar-sncf\src\components\SingleSearchBar.tsx">
      <metrics statements="28" coveredstatements="0" conditionals="10" coveredconditionals="0" methods="9" coveredmethods="0"/>
      <line num="5" count="0" type="stmt"/>
      <line num="6" count="0" type="stmt"/>
      <line num="7" count="0" type="stmt"/>
      <line num="8" count="0" type="stmt"/>
      <line num="9" count="0" type="stmt"/>
      <line num="10" count="0" type="stmt"/>
      <line num="12" count="0" type="stmt"/>
      <line num="13" count="0" type="stmt"/>
      <line num="14" count="0" type="cond" truecount="0" falsecount="2"/>
      <line num="15" count="0" type="stmt"/>
      <line num="16" count="0" type="cond" truecount="0" falsecount="2"/>
      <line num="17" count="0" type="stmt"/>
      <line num="18" count="0" type="stmt"/>
      <line num="21" count="0" type="stmt"/>
      <line num="22" count="0" type="stmt"/>
      <line num="23" count="0" type="stmt"/>
      <line num="27" count="0" type="stmt"/>
      <line num="28" count="0" type="stmt"/>
      <line num="29" count="0" type="stmt"/>
      <line num="33" count="0" type="stmt"/>
      <line num="35" count="0" type="stmt"/>
      <line num="36" count="0" type="stmt"/>
      <line num="37" count="0" type="stmt"/>
      <line num="38" count="0" type="stmt"/>
      <line num="39" count="0" type="cond" truecount="0" falsecount="2"/>
      <line num="42" count="0" type="stmt"/>
      <line num="43" count="0" type="cond" truecount="0" falsecount="2"/>
      <line num="46" count="0" type="stmt"/>
    </file>
    <file name="Space.tsx" path="C:\Users\D. LORTIE--THIBAUT\Documents\Projets\Formation\searchbar-sncf\src\components\Space.tsx">
      <metrics statements="2" coveredstatements="2" conditionals="0" coveredconditionals="0" methods="1" coveredmethods="1"/>
      <line num="3" count="1" type="stmt"/>
      <line num="4" count="8" type="stmt"/>
    </file>
  </project>
</coverage>
