{"C:\\Users\\D. LORTIE--THIBAUT\\Documents\\Projets\\Formation\\searchbar-sncf\\src\\components\\DoubleSearchBar.tsx": {"path":"C:\\Users\\D. LORTIE--THIBAUT\\Documents\\Projets\\Formation\\searchbar-sncf\\src\\components\\DoubleSearchBar.tsx","statementMap":{"0":{"start":{"line":12,"column":24},"end":{"line":110,"column":1}},"1":{"start":{"line":13,"column":25},"end":{"line":13,"column":55}},"2":{"start":{"line":14,"column":23},"end":{"line":14,"column":53}},"3":{"start":{"line":16,"column":46},"end":{"line":16,"column":74}},"4":{"start":{"line":17,"column":34},"end":{"line":17,"column":68}},"5":{"start":{"line":18,"column":42},"end":{"line":18,"column":62}},"6":{"start":{"line":19,"column":30},"end":{"line":19,"column":50}},"7":{"start":{"line":20,"column":42},"end":{"line":20,"column":76}},"8":{"start":{"line":22,"column":2},"end":{"line":25,"column":5}},"9":{"start":{"line":23,"column":4},"end":{"line":23,"column":26}},"10":{"start":{"line":24,"column":4},"end":{"line":24,"column":55}},"11":{"start":{"line":27,"column":28},"end":{"line":33,"column":3}},"12":{"start":{"line":28,"column":4},"end":{"line":28,"column":27}},"13":{"start":{"line":29,"column":4},"end":{"line":29,"column":29}},"14":{"start":{"line":30,"column":4},"end":{"line":30,"column":36}},"15":{"start":{"line":31,"column":4},"end":{"line":31,"column":36}},"16":{"start":{"line":32,"column":4},"end":{"line":32,"column":28}},"17":{"start":{"line":35,"column":21},"end":{"line":36,"column":26}},"18":{"start":{"line":36,"column":4},"end":{"line":36,"column":26}},"19":{"start":{"line":38,"column":26},"end":{"line":42,"column":3}},"20":{"start":{"line":39,"column":4},"end":{"line":41,"column":12}},"21":{"start":{"line":40,"column":6},"end":{"line":40,"column":28}},"22":{"start":{"line":44,"column":27},"end":{"line":48,"column":3}},"23":{"start":{"line":45,"column":4},"end":{"line":47,"column":12}},"24":{"start":{"line":46,"column":6},"end":{"line":46,"column":33}},"25":{"start":{"line":50,"column":29},"end":{"line":64,"column":3}},"26":{"start":{"line":55,"column":18},"end":{"line":55,"column":26}},"27":{"start":{"line":56,"column":18},"end":{"line":56,"column":41}},"28":{"start":{"line":57,"column":4},"end":{"line":63,"column":50}},"29":{"start":{"line":58,"column":6},"end":{"line":58,"column":24}},"30":{"start":{"line":59,"column":6},"end":{"line":59,"column":47}},"31":{"start":{"line":60,"column":6},"end":{"line":62,"column":7}},"32":{"start":{"line":61,"column":8},"end":{"line":61,"column":33}},"33":{"start":{"line":63,"column":11},"end":{"line":63,"column":50}},"34":{"start":{"line":66,"column":2},"end":{"line":109,"column":4}},"35":{"start":{"line":77,"column":14},"end":{"line":77,"column":68}},"36":{"start":{"line":79,"column":27},"end":{"line":79,"column":53}},"37":{"start":{"line":82,"column":27},"end":{"line":82,"column":56}},"38":{"start":{"line":89,"column":28},"end":{"line":89,"column":78}},"39":{"start":{"line":90,"column":27},"end":{"line":90,"column":51}},"40":{"start":{"line":94,"column":27},"end":{"line":94,"column":54}}},"fnMap":{"0":{"name":"(anonymous_0)","decl":{"start":{"line":12,"column":24},"end":{"line":12,"column":25}},"loc":{"start":{"line":12,"column":57},"end":{"line":110,"column":1}},"line":12},"1":{"name":"(anonymous_1)","decl":{"start":{"line":22,"column":12},"end":{"line":22,"column":13}},"loc":{"start":{"line":22,"column":18},"end":{"line":25,"column":3}},"line":22},"2":{"name":"(anonymous_2)","decl":{"start":{"line":27,"column":28},"end":{"line":27,"column":29}},"loc":{"start":{"line":27,"column":76},"end":{"line":33,"column":3}},"line":27},"3":{"name":"(anonymous_3)","decl":{"start":{"line":35,"column":21},"end":{"line":35,"column":22}},"loc":{"start":{"line":36,"column":4},"end":{"line":36,"column":26}},"line":36},"4":{"name":"(anonymous_4)","decl":{"start":{"line":38,"column":26},"end":{"line":38,"column":27}},"loc":{"start":{"line":38,"column":32},"end":{"line":42,"column":3}},"line":38},"5":{"name":"(anonymous_5)","decl":{"start":{"line":39,"column":15},"end":{"line":39,"column":16}},"loc":{"start":{"line":39,"column":21},"end":{"line":41,"column":5}},"line":39},"6":{"name":"(anonymous_6)","decl":{"start":{"line":44,"column":27},"end":{"line":44,"column":28}},"loc":{"start":{"line":44,"column":50},"end":{"line":48,"column":3}},"line":44},"7":{"name":"(anonymous_7)","decl":{"start":{"line":45,"column":15},"end":{"line":45,"column":16}},"loc":{"start":{"line":45,"column":21},"end":{"line":47,"column":5}},"line":45},"8":{"name":"(anonymous_8)","decl":{"start":{"line":50,"column":29},"end":{"line":50,"column":30}},"loc":{"start":{"line":54,"column":7},"end":{"line":64,"column":3}},"line":54},"9":{"name":"(anonymous_9)","decl":{"start":{"line":76,"column":22},"end":{"line":76,"column":23}},"loc":{"start":{"line":77,"column":14},"end":{"line":77,"column":68}},"line":77},"10":{"name":"(anonymous_10)","decl":{"start":{"line":79,"column":21},"end":{"line":79,"column":22}},"loc":{"start":{"line":79,"column":27},"end":{"line":79,"column":53}},"line":79},"11":{"name":"(anonymous_11)","decl":{"start":{"line":82,"column":21},"end":{"line":82,"column":22}},"loc":{"start":{"line":82,"column":27},"end":{"line":82,"column":56}},"line":82},"12":{"name":"(anonymous_12)","decl":{"start":{"line":89,"column":22},"end":{"line":89,"column":23}},"loc":{"start":{"line":89,"column":28},"end":{"line":89,"column":78}},"line":89},"13":{"name":"(anonymous_13)","decl":{"start":{"line":90,"column":21},"end":{"line":90,"column":22}},"loc":{"start":{"line":90,"column":27},"end":{"line":90,"column":51}},"line":90},"14":{"name":"(anonymous_14)","decl":{"start":{"line":94,"column":21},"end":{"line":94,"column":22}},"loc":{"start":{"line":94,"column":27},"end":{"line":94,"column":54}},"line":94}},"branchMap":{"0":{"loc":{"start":{"line":16,"column":63},"end":{"line":16,"column":73}},"type":"binary-expr","locations":[{"start":{"line":16,"column":63},"end":{"line":16,"column":67}},{"start":{"line":16,"column":71},"end":{"line":16,"column":73}}],"line":16},"1":{"loc":{"start":{"line":17,"column":51},"end":{"line":17,"column":67}},"type":"binary-expr","locations":[{"start":{"line":17,"column":51},"end":{"line":17,"column":61}},{"start":{"line":17,"column":65},"end":{"line":17,"column":67}}],"line":17},"2":{"loc":{"start":{"line":57,"column":4},"end":{"line":63,"column":50}},"type":"if","locations":[{"start":{"line":57,"column":4},"end":{"line":63,"column":50}},{"start":{"line":63,"column":11},"end":{"line":63,"column":50}}],"line":57},"3":{"loc":{"start":{"line":59,"column":24},"end":{"line":59,"column":45}},"type":"cond-expr","locations":[{"start":{"line":59,"column":32},"end":{"line":59,"column":40}},{"start":{"line":59,"column":43},"end":{"line":59,"column":45}}],"line":59},"4":{"loc":{"start":{"line":60,"column":6},"end":{"line":62,"column":7}},"type":"if","locations":[{"start":{"line":60,"column":6},"end":{"line":62,"column":7}},{"start":{},"end":{}}],"line":60},"5":{"loc":{"start":{"line":63,"column":27},"end":{"line":63,"column":48}},"type":"cond-expr","locations":[{"start":{"line":63,"column":35},"end":{"line":63,"column":43}},{"start":{"line":63,"column":46},"end":{"line":63,"column":48}}],"line":63},"6":{"loc":{"start":{"line":77,"column":32},"end":{"line":77,"column":67}},"type":"binary-expr","locations":[{"start":{"line":77,"column":32},"end":{"line":77,"column":61}},{"start":{"line":77,"column":65},"end":{"line":77,"column":67}}],"line":77},"7":{"loc":{"start":{"line":89,"column":44},"end":{"line":89,"column":77}},"type":"binary-expr","locations":[{"start":{"line":89,"column":44},"end":{"line":89,"column":71}},{"start":{"line":89,"column":75},"end":{"line":89,"column":77}}],"line":89},"8":{"loc":{"start":{"line":98,"column":9},"end":{"line":106,"column":9}},"type":"binary-expr","locations":[{"start":{"line":98,"column":9},"end":{"line":98,"column":21}},{"start":{"line":99,"column":10},"end":{"line":105,"column":12}}],"line":98}},"s":{"0":1,"1":8,"2":8,"3":8,"4":8,"5":8,"6":8,"7":8,"8":8,"9":8,"10":8,"11":8,"12":0,"13":0,"14":0,"15":0,"16":0,"17":8,"18":0,"19":8,"20":0,"21":0,"22":8,"23":8,"24":0,"25":8,"26":0,"27":0,"28":0,"29":0,"30":0,"31":0,"32":0,"33":0,"34":8,"35":0,"36":0,"37":0,"38":0,"39":0,"40":8},"f":{"0":8,"1":8,"2":0,"3":0,"4":0,"5":0,"6":8,"7":0,"8":0,"9":0,"10":0,"11":0,"12":0,"13":0,"14":8},"b":{"0":[8,0],"1":[8,0],"2":[0,0],"3":[0,0],"4":[0,0],"5":[0,0],"6":[0,0],"7":[0,0],"8":[8,8]},"_coverageSchema":"1a1c01bbd47fc00a2c39e90264f33305004495a9","hash":"6905a0c752aac87098afcb192d91246bcb9b8e48"}
,"C:\\Users\\D. LORTIE--THIBAUT\\Documents\\Projets\\Formation\\searchbar-sncf\\src\\components\\Input.tsx": {"path":"C:\\Users\\D. LORTIE--THIBAUT\\Documents\\Projets\\Formation\\searchbar-sncf\\src\\components\\Input.tsx","statementMap":{"0":{"start":{"line":16,"column":14},"end":{"line":44,"column":1}},"1":{"start":{"line":28,"column":2},"end":{"line":43,"column":4}}},"fnMap":{"0":{"name":"(anonymous_0)","decl":{"start":{"line":16,"column":14},"end":{"line":16,"column":15}},"loc":{"start":{"line":27,"column":13},"end":{"line":44,"column":1}},"line":27}},"branchMap":{},"s":{"0":1,"1":16},"f":{"0":16},"b":{},"_coverageSchema":"1a1c01bbd47fc00a2c39e90264f33305004495a9","hash":"9bff55d81b8ea8d7ea40d2bf458270e7a78a14e0"}
,"C:\\Users\\D. LORTIE--THIBAUT\\Documents\\Projets\\Formation\\searchbar-sncf\\src\\components\\SingleSearchBar.tsx": {"path":"C:\\Users\\D. LORTIE--THIBAUT\\Documents\\Projets\\Formation\\searchbar-sncf\\src\\components\\SingleSearchBar.tsx","statementMap":{"0":{"start":{"line":5,"column":24},"end":{"line":75,"column":1}},"1":{"start":{"line":6,"column":17},"end":{"line":6,"column":52}},"2":{"start":{"line":7,"column":23},"end":{"line":7,"column":60}},"3":{"start":{"line":8,"column":42},"end":{"line":8,"column":71}},"4":{"start":{"line":9,"column":38},"end":{"line":9,"column":50}},"5":{"start":{"line":10,"column":34},"end":{"line":10,"column":54}},"6":{"start":{"line":12,"column":2},"end":{"line":25,"column":21}},"7":{"start":{"line":13,"column":24},"end":{"line":20,"column":5}},"8":{"start":{"line":14,"column":6},"end":{"line":19,"column":7}},"9":{"start":{"line":15,"column":8},"end":{"line":15,"column":59}},"10":{"start":{"line":16,"column":13},"end":{"line":19,"column":7}},"11":{"start":{"line":17,"column":8},"end":{"line":17,"column":63}},"12":{"start":{"line":18,"column":8},"end":{"line":18,"column":56}},"13":{"start":{"line":21,"column":4},"end":{"line":21,"column":52}},"14":{"start":{"line":22,"column":4},"end":{"line":24,"column":6}},"15":{"start":{"line":23,"column":6},"end":{"line":23,"column":57}},"16":{"start":{"line":27,"column":26},"end":{"line":31,"column":3}},"17":{"start":{"line":28,"column":4},"end":{"line":30,"column":12}},"18":{"start":{"line":29,"column":6},"end":{"line":29,"column":28}},"19":{"start":{"line":33,"column":27},"end":{"line":33,"column":61}},"20":{"start":{"line":33,"column":33},"end":{"line":33,"column":61}},"21":{"start":{"line":35,"column":29},"end":{"line":40,"column":3}},"22":{"start":{"line":36,"column":18},"end":{"line":36,"column":26}},"23":{"start":{"line":37,"column":18},"end":{"line":37,"column":41}},"24":{"start":{"line":38,"column":4},"end":{"line":38,"column":22}},"25":{"start":{"line":39,"column":4},"end":{"line":39,"column":41}},"26":{"start":{"line":42,"column":28},"end":{"line":44,"column":3}},"27":{"start":{"line":43,"column":4},"end":{"line":43,"column":54}},"28":{"start":{"line":46,"column":2},"end":{"line":74,"column":4}}},"fnMap":{"0":{"name":"(anonymous_0)","decl":{"start":{"line":5,"column":24},"end":{"line":5,"column":25}},"loc":{"start":{"line":5,"column":30},"end":{"line":75,"column":1}},"line":5},"1":{"name":"(anonymous_1)","decl":{"start":{"line":12,"column":12},"end":{"line":12,"column":13}},"loc":{"start":{"line":12,"column":18},"end":{"line":25,"column":3}},"line":12},"2":{"name":"(anonymous_2)","decl":{"start":{"line":13,"column":24},"end":{"line":13,"column":25}},"loc":{"start":{"line":13,"column":30},"end":{"line":20,"column":5}},"line":13},"3":{"name":"(anonymous_3)","decl":{"start":{"line":22,"column":11},"end":{"line":22,"column":12}},"loc":{"start":{"line":22,"column":17},"end":{"line":24,"column":5}},"line":22},"4":{"name":"(anonymous_4)","decl":{"start":{"line":27,"column":26},"end":{"line":27,"column":27}},"loc":{"start":{"line":27,"column":32},"end":{"line":31,"column":3}},"line":27},"5":{"name":"(anonymous_5)","decl":{"start":{"line":28,"column":15},"end":{"line":28,"column":16}},"loc":{"start":{"line":28,"column":21},"end":{"line":30,"column":5}},"line":28},"6":{"name":"(anonymous_6)","decl":{"start":{"line":33,"column":27},"end":{"line":33,"column":28}},"loc":{"start":{"line":33,"column":33},"end":{"line":33,"column":61}},"line":33},"7":{"name":"(anonymous_7)","decl":{"start":{"line":35,"column":29},"end":{"line":35,"column":30}},"loc":{"start":{"line":35,"column":67},"end":{"line":40,"column":3}},"line":35},"8":{"name":"(anonymous_8)","decl":{"start":{"line":42,"column":28},"end":{"line":42,"column":29}},"loc":{"start":{"line":42,"column":34},"end":{"line":44,"column":3}},"line":42}},"branchMap":{"0":{"loc":{"start":{"line":14,"column":6},"end":{"line":19,"column":7}},"type":"if","locations":[{"start":{"line":14,"column":6},"end":{"line":19,"column":7}},{"start":{"line":16,"column":13},"end":{"line":19,"column":7}}],"line":14},"1":{"loc":{"start":{"line":16,"column":13},"end":{"line":19,"column":7}},"type":"if","locations":[{"start":{"line":16,"column":13},"end":{"line":19,"column":7}},{"start":{},"end":{}}],"line":16},"2":{"loc":{"start":{"line":39,"column":18},"end":{"line":39,"column":39}},"type":"cond-expr","locations":[{"start":{"line":39,"column":26},"end":{"line":39,"column":34}},{"start":{"line":39,"column":37},"end":{"line":39,"column":39}}],"line":39},"3":{"loc":{"start":{"line":43,"column":18},"end":{"line":43,"column":52}},"type":"binary-expr","locations":[{"start":{"line":43,"column":18},"end":{"line":43,"column":46}},{"start":{"line":43,"column":50},"end":{"line":43,"column":52}}],"line":43},"4":{"loc":{"start":{"line":64,"column":9},"end":{"line":71,"column":9}},"type":"binary-expr","locations":[{"start":{"line":64,"column":9},"end":{"line":64,"column":21}},{"start":{"line":65,"column":10},"end":{"line":70,"column":12}}],"line":64}},"s":{"0":0,"1":0,"2":0,"3":0,"4":0,"5":0,"6":0,"7":0,"8":0,"9":0,"10":0,"11":0,"12":0,"13":0,"14":0,"15":0,"16":0,"17":0,"18":0,"19":0,"20":0,"21":0,"22":0,"23":0,"24":0,"25":0,"26":0,"27":0,"28":0},"f":{"0":0,"1":0,"2":0,"3":0,"4":0,"5":0,"6":0,"7":0,"8":0},"b":{"0":[0,0],"1":[0,0],"2":[0,0],"3":[0,0],"4":[0,0]}}
,"C:\\Users\\D. LORTIE--THIBAUT\\Documents\\Projets\\Formation\\searchbar-sncf\\src\\components\\Space.tsx": {"path":"C:\\Users\\D. LORTIE--THIBAUT\\Documents\\Projets\\Formation\\searchbar-sncf\\src\\components\\Space.tsx","statementMap":{"0":{"start":{"line":3,"column":14},"end":{"line":5,"column":1}},"1":{"start":{"line":4,"column":2},"end":{"line":4,"column":39}}},"fnMap":{"0":{"name":"(anonymous_0)","decl":{"start":{"line":3,"column":14},"end":{"line":3,"column":15}},"loc":{"start":{"line":3,"column":20},"end":{"line":5,"column":1}},"line":3}},"branchMap":{},"s":{"0":1,"1":8},"f":{"0":8},"b":{},"_coverageSchema":"1a1c01bbd47fc00a2c39e90264f33305004495a9","hash":"a2e554159f318c9802d39b1929d8e76efac19343"}
}
