TN:
SF:src\components\DoubleSearchBar.tsx
FN:12,(anonymous_0)
FN:22,(anonymous_1)
FN:27,(anonymous_2)
FN:35,(anonymous_3)
FN:38,(anonymous_4)
FN:39,(anonymous_5)
FN:44,(anonymous_6)
FN:45,(anonymous_7)
FN:50,(anonymous_8)
FN:76,(anonymous_9)
FN:79,(anonymous_10)
FN:82,(anonymous_11)
FN:89,(anonymous_12)
FN:90,(anonymous_13)
FN:94,(anonymous_14)
FNF:15
FNH:4
FNDA:8,(anonymous_0)
FNDA:8,(anonymous_1)
FNDA:0,(anonymous_2)
FNDA:0,(anonymous_3)
FNDA:0,(anonymous_4)
FNDA:0,(anonymous_5)
FNDA:8,(anonymous_6)
FNDA:0,(anonymous_7)
FNDA:0,(anonymous_8)
FNDA:0,(anonymous_9)
FNDA:0,(anonymous_10)
FNDA:0,(anonymous_11)
FNDA:0,(anonymous_12)
FNDA:0,(anonymous_13)
FNDA:8,(anonymous_14)
DA:12,1
DA:13,8
DA:14,8
DA:16,8
DA:17,8
DA:18,8
DA:19,8
DA:20,8
DA:22,8
DA:23,8
DA:24,8
DA:27,8
DA:28,0
DA:29,0
DA:30,0
DA:31,0
DA:32,0
DA:35,8
DA:36,0
DA:38,8
DA:39,0
DA:40,0
DA:44,8
DA:45,8
DA:46,0
DA:50,8
DA:55,0
DA:56,0
DA:57,0
DA:58,0
DA:59,0
DA:60,0
DA:61,0
DA:63,0
DA:66,8
DA:77,0
DA:79,0
DA:82,0
DA:89,0
DA:90,0
DA:94,8
LF:41
LH:19
BRDA:16,0,0,8
BRDA:16,0,1,0
BRDA:17,1,0,8
BRDA:17,1,1,0
BRDA:57,2,0,0
BRDA:57,2,1,0
BRDA:59,3,0,0
BRDA:59,3,1,0
BRDA:60,4,0,0
BRDA:60,4,1,0
BRDA:63,5,0,0
BRDA:63,5,1,0
BRDA:77,6,0,0
BRDA:77,6,1,0
BRDA:89,7,0,0
BRDA:89,7,1,0
BRDA:98,8,0,8
BRDA:98,8,1,8
BRF:18
BRH:4
end_of_record
TN:
SF:src\components\Input.tsx
FN:16,(anonymous_0)
FNF:1
FNH:1
FNDA:16,(anonymous_0)
DA:16,1
DA:28,16
LF:2
LH:2
BRF:0
BRH:0
end_of_record
TN:
SF:src\components\SingleSearchBar.tsx
FN:5,(anonymous_0)
FN:12,(anonymous_1)
FN:13,(anonymous_2)
FN:22,(anonymous_3)
FN:27,(anonymous_4)
FN:28,(anonymous_5)
FN:33,(anonymous_6)
FN:35,(anonymous_7)
FN:42,(anonymous_8)
FNF:9
FNH:0
FNDA:0,(anonymous_0)
FNDA:0,(anonymous_1)
FNDA:0,(anonymous_2)
FNDA:0,(anonymous_3)
FNDA:0,(anonymous_4)
FNDA:0,(anonymous_5)
FNDA:0,(anonymous_6)
FNDA:0,(anonymous_7)
FNDA:0,(anonymous_8)
DA:5,0
DA:6,0
DA:7,0
DA:8,0
DA:9,0
DA:10,0
DA:12,0
DA:13,0
DA:14,0
DA:15,0
DA:16,0
DA:17,0
DA:18,0
DA:21,0
DA:22,0
DA:23,0
DA:27,0
DA:28,0
DA:29,0
DA:33,0
DA:35,0
DA:36,0
DA:37,0
DA:38,0
DA:39,0
DA:42,0
DA:43,0
DA:46,0
LF:28
LH:0
BRDA:14,0,0,0
BRDA:14,0,1,0
BRDA:16,1,0,0
BRDA:16,1,1,0
BRDA:39,2,0,0
BRDA:39,2,1,0
BRDA:43,3,0,0
BRDA:43,3,1,0
BRDA:64,4,0,0
BRDA:64,4,1,0
BRF:10
BRH:0
end_of_record
TN:
SF:src\components\Space.tsx
FN:3,(anonymous_0)
FNF:1
FNH:1
FNDA:8,(anonymous_0)
DA:3,1
DA:4,8
LF:2
LH:2
BRF:0
BRH:0
end_of_record
